Build started 15-Oct-15 7:57:20 PM.
     1>Project "C:\Users\batez\Documents\GitHub\Nexus\Nexus\Nexus.vcxproj" on node 2 (Build target(s)).
     1>ClCompile:
         C:\Program Files (x86)\Microsoft Visual Studio 12.0\VC\bin\CL.exe /c /ZI /nologo /W3 /WX- /Od /Oy- /D _MBCS /Gm /EHsc /RTC1 /MDd /GS /fp:precise /Zc:wchar_t /Zc:forScope /Fo"Debug\\" /Fd"Debug\vc120.pdb" /Gd /TP /analyze- /errorReport:prompt main.cpp
         main.cpp
     1>c:\users\batez\documents\github\nexus\nexus\main.cpp(108): error C2059: syntax error : ')'
     1>c:\users\batez\documents\github\nexus\nexus\main.cpp(111): error C3861: 'getLowestFscore': identifier not found
     1>c:\users\batez\documents\github\nexus\nexus\main.cpp(113): error C3861: 'getCurrentSquareIndex': identifier not found
     1>c:\users\batez\documents\github\nexus\nexus\main.cpp(115): error C3861: 'searchForIndex': identifier not found
     1>c:\users\batez\documents\github\nexus\nexus\main.cpp(117): error C2143: syntax error : missing ';' before '}'
     1>c:\users\batez\documents\github\nexus\nexus\main.cpp(117): warning C4390: ';' : empty controlled statement found; is this the intent?
     1>Done Building Project "C:\Users\batez\Documents\GitHub\Nexus\Nexus\Nexus.vcxproj" (Build target(s)) -- FAILED.

Build FAILED.

Time Elapsed 00:00:00.78
